
> gpos-lite-design-system@2.0.0 build-storybook
> storybook build --output-dir=/private/var/folders/zs/b1whw6z55mgg1jn6t0gtytz00000gp/T/chromatic--86301-mn8XNJx2uzh9


[90m┌[39m  Building storybook v10.4.0
[90m│[39m
[32m◇[39m  Cleaning outputDir:
[90m│[39m  [36m../../../../../private/var/folders/zs/b1whw6z55mgg1jn6t0gtytz00000gp/T/chromatic--86301-mn8XNJx2uzh9[39m
[90m│[39m
[32m◇[39m  Loading presets
[90m│[39m
[32m◇[39m  Building manager..
[90m│[39m
[34m●[39m  Building preview..
[90m│[39m
[33m▲[39m  No story files found for the specified pattern: [34mcomponents/**/*.mdx[39m
[90m│[39m  [43mVite[49m [36mvite v8.0.13 [32mbuilding client environment for production...[36m[39m
[2Ktransforming...[90m│[39m
[34m●[39m  Copying static files: [36massets[39m at
[90m│[39m  [36m../../../../../private/var/folders/zs/b1whw6z55mgg1jn6t0gtytz00000gp/T/chromatic--86301-mn8XNJx2uzh9/assets[39m
✓ 176 modules transformed.
rendering chunks...
computing gzip size...
[90m│[39m  [43mVite[49m
[90m│[39m  ../../../../../private/var/folders/zs/b1whw6z55mgg1jn6t0gtytz00000gp/T/chromatic--86301-mn8XNJx2uzh9/assets/context-C0qIqeS4.png
[90m│[39m  6.11 kB
[90m│[39m  ../../../../../private/var/folders/zs/b1whw6z55mgg1jn6t0gtytz00000gp/T/chromatic--86301-mn8XNJx2uzh9/assets/styling-Bk6zjRzU.png
[90m│[39m  7.23 kB
[90m│[39m  ../../../../../private/var/folders/zs/b1whw6z55mgg1jn6t0gtytz00000gp/T/chromatic--86301-mn8XNJx2uzh9/iframe.html
[90m│[39m  19.35 kB │ gzip:   5.32 kB
[90m│[39m  ../../../../../private/var/folders/zs/b1whw6z55mgg1jn6t0gtytz00000gp/T/chromatic--86301-mn8XNJx2uzh9/assets/docs---vsFbMi.png
[90m│[39m  27.87 kB
[90m│[39m  ../../../../../private/var/folders/zs/b1whw6z55mgg1jn6t0gtytz00000gp/T/chromatic--86301-mn8XNJx2uzh9/assets/share-DGA-UcQf.png
[90m│[39m  40.76 kB
[90m│[39m  ../../../../../private/var/folders/zs/b1whw6z55mgg1jn6t0gtytz00000gp/T/chromatic--86301-mn8XNJx2uzh9/assets/accessibility-W_h2acOZ.png
[90m│[39m  42.33 kB
[90m│[39m  ../../../../../private/var/folders/zs/b1whw6z55mgg1jn6t0gtytz00000gp/T/chromatic--86301-mn8XNJx2uzh9/assets/figma-plugin-CH2hELiO.png
[90m│[39m  44.24 kB
[90m│[39m  ../../../../../private/var/folders/zs/b1whw6z55mgg1jn6t0gtytz00000gp/T/chromatic--86301-mn8XNJx2uzh9/assets/theming-D6WJLNoW.png
[90m│[39m  44.37 kB
[90m│[39m  ../../../../../private/var/folders/zs/b1whw6z55mgg1jn6t0gtytz00000gp/T/chromatic--86301-mn8XNJx2uzh9/assets/testing-cbzR9l9r.png
[90m│[39m  49.31 kB
[90m│[39m  ../../../../../private/var/folders/zs/b1whw6z55mgg1jn6t0gtytz00000gp/T/chromatic--86301-mn8XNJx2uzh9/assets/addon-library-BWUCAmyN.png
[90m│[39m  467.36 kB
[90m│[39m  ../../../../../private/var/folders/zs/b1whw6z55mgg1jn6t0gtytz00000gp/T/chromatic--86301-mn8XNJx2uzh9/assets/Header-CzZBVs_w.css
[90m│[39m  0.50 kB │ gzip:   0.29 kB
[90m│[39m  ../../../../../private/var/folders/zs/b1whw6z55mgg1jn6t0gtytz00000gp/T/chromatic--86301-mn8XNJx2uzh9/assets/Button-C9QAnAgh.css
[90m│[39m  0.51 kB │ gzip:   0.28 kB
[90m│[39m  ../../../../../private/var/folders/zs/b1whw6z55mgg1jn6t0gtytz00000gp/T/chromatic--86301-mn8XNJx2uzh9/assets/Page-R7v0XIE6.css
[90m│[39m  0.91 kB │ gzip:   0.39 kB
[90m│[39m  ../../../../../private/var/folders/zs/b1whw6z55mgg1jn6t0gtytz00000gp/T/chromatic--86301-mn8XNJx2uzh9/assets/iframe-BjgWLt2e.css
[90m│[39m  28.09 kB │ gzip:   6.14 kB
[90m│[39m  ../../../../../private/var/folders/zs/b1whw6z55mgg1jn6t0gtytz00000gp/T/chromatic--86301-mn8XNJx2uzh9/assets/mdx-react-shim-BPRxwLQp.js
[90m│[39m  0.12 kB │ gzip:   0.12 kB
[90m│[39m  ../../../../../private/var/folders/zs/b1whw6z55mgg1jn6t0gtytz00000gp/T/chromatic--86301-mn8XNJx2uzh9/assets/formatter-EIJCOSYU-DgbadUQu.js
[90m│[39m  0.26 kB │ gzip:   0.21 kB
[90m│[39m  ../../../../../private/var/folders/zs/b1whw6z55mgg1jn6t0gtytz00000gp/T/chromatic--86301-mn8XNJx2uzh9/assets/Button-og7o65Fx.js
[90m│[39m  0.45 kB │ gzip:   0.30 kB
[90m│[39m  ../../../../../private/var/folders/zs/b1whw6z55mgg1jn6t0gtytz00000gp/T/chromatic--86301-mn8XNJx2uzh9/assets/Header.stories-B5O9AGQG.js
[90m│[39m  0.74 kB │ gzip:   0.42 kB
[90m│[39m  ../../../../../private/var/folders/zs/b1whw6z55mgg1jn6t0gtytz00000gp/T/chromatic--86301-mn8XNJx2uzh9/assets/Header-DYsBKfOq.js
[90m│[39m  1.23 kB │ gzip:   0.69 kB
[90m│[39m  ../../../../../private/var/folders/zs/b1whw6z55mgg1jn6t0gtytz00000gp/T/chromatic--86301-mn8XNJx2uzh9/assets/Button.stories-BWD28H1n.js
[90m│[39m  1.41 kB │ gzip:   0.57 kB
[90m│[39m  ../../../../../private/var/folders/zs/b1whw6z55mgg1jn6t0gtytz00000gp/T/chromatic--86301-mn8XNJx2uzh9/assets/preload-helper-Cs4UwXAW.js
[90m│[39m  2.34 kB │ gzip:   1.24 kB
[90m│[39m  ../../../../../private/var/folders/zs/b1whw6z55mgg1jn6t0gtytz00000gp/T/chromatic--86301-mn8XNJx2uzh9/assets/Page.stories-BYuuX7b5.js
[90m│[39m  3.66 kB │ gzip:   1.63 kB
[90m│[39m  ../../../../../private/var/folders/zs/b1whw6z55mgg1jn6t0gtytz00000gp/T/chromatic--86301-mn8XNJx2uzh9/assets/Spacing-5K4xcMjV.js
[90m│[39m  13.02 kB │ gzip:   3.87 kB
[90m│[39m  ../../../../../private/var/folders/zs/b1whw6z55mgg1jn6t0gtytz00000gp/T/chromatic--86301-mn8XNJx2uzh9/assets/Colors-0iUWEKUw.js
[90m│[39m  13.38 kB │ gzip:   3.39 kB
[90m│[39m  ../../../../../private/var/folders/zs/b1whw6z55mgg1jn6t0gtytz00000gp/T/chromatic--86301-mn8XNJx2uzh9/assets/Shadows-C7_1qIzI.js
[90m│[39m  14.38 kB │ gzip:   3.42 kB
[90m│[39m  ../../../../../private/var/folders/zs/b1whw6z55mgg1jn6t0gtytz00000gp/T/chromatic--86301-mn8XNJx2uzh9/assets/Typography-Dmdn76hd.js
[90m│[39m  16.43 kB │ gzip:   3.77 kB
[90m│[39m  ../../../../../private/var/folders/zs/b1whw6z55mgg1jn6t0gtytz00000gp/T/chromatic--86301-mn8XNJx2uzh9/assets/Borders-CYcm4-nM.js
[90m│[39m  19.72 kB │ gzip:   4.21 kB
[90m│[39m  ../../../../../private/var/folders/zs/b1whw6z55mgg1jn6t0gtytz00000gp/T/chromatic--86301-mn8XNJx2uzh9/assets/Icons-D3uUDpcc.js
[90m│[39m  25.18 kB │ gzip:   5.69 kB
[90m│[39m  ../../../../../private/var/folders/zs/b1whw6z55mgg1jn6t0gtytz00000gp/T/chromatic--86301-mn8XNJx2uzh9/assets/Configure-CBWKJxg-.js
[90m│[39m  26.84 kB │ gzip:  11.29 kB
[90m│[39m  ../../../../../private/var/folders/zs/b1whw6z55mgg1jn6t0gtytz00000gp/T/chromatic--86301-mn8XNJx2uzh9/vite-inject-mocker-entry.js
[90m│[39m  27.81 kB │ gzip:   9.63 kB
[90m│[39m  ../../../../../private/var/folders/zs/b1whw6z55mgg1jn6t0gtytz00000gp/T/chromatic--86301-mn8XNJx2uzh9/assets/matchers-5TDFFDYO-B9h935p1.js
[90m│[39m  28.76 kB │ gzip:   9.66 kB
[90m│[39m  ../../../../../private/var/folders/zs/b1whw6z55mgg1jn6t0gtytz00000gp/T/chromatic--86301-mn8XNJx2uzh9/assets/Color-23OOGO2C-B8DQvWst.js
[90m│[39m  30.85 kB │ gzip:  11.57 kB
[90m│[39m  ../../../../../private/var/folders/zs/b1whw6z55mgg1jn6t0gtytz00000gp/T/chromatic--86301-mn8XNJx2uzh9/assets/WithTooltip-65CFNBJE-Bd_JS-mc.js
[90m│[39m  33.12 kB │ gzip:  11.61 kB
[90m│[39m  ../../../../../private/var/folders/zs/b1whw6z55mgg1jn6t0gtytz00000gp/T/chromatic--86301-mn8XNJx2uzh9/assets/syntaxhighlighter-W7WJGI2T-CiNihlgX.js
[90m│[39m  76.40 kB │ gzip:  27.48 kB
[90m│[39m  ../../../../../private/var/folders/zs/b1whw6z55mgg1jn6t0gtytz00000gp/T/chromatic--86301-mn8XNJx2uzh9/assets/DocsRenderer-LL677BLK-s0IIkw_6.js
[90m│[39m  180.14 kB │ gzip:  57.20 kB
[90m│[39m  ../../../../../private/var/folders/zs/b1whw6z55mgg1jn6t0gtytz00000gp/T/chromatic--86301-mn8XNJx2uzh9/assets/axe-VEzAJf9O.js
[90m│[39m  571.05 kB │ gzip: 155.77 kB
[90m│[39m  ../../../../../private/var/folders/zs/b1whw6z55mgg1jn6t0gtytz00000gp/T/chromatic--86301-mn8XNJx2uzh9/assets/iframe-B0k0vSUu.js
[90m│[39m  821.01 kB │ gzip: 228.18 kB
[90m│[39m  ../../../../../private/var/folders/zs/b1whw6z55mgg1jn6t0gtytz00000gp/T/chromatic--86301-mn8XNJx2uzh9/assets/blocks-C8cIauHW.js
[90m│[39m  824.44 kB │ gzip: 264.75 kB

[90m│[39m
[33m▲[39m  [43mVite[49m [33m[33m[PLUGIN_TIMINGS] [0mYour build spent significant time in plugins.
[90m│[39m  Here is a breakdown:
[90m│[39m  - vite:css-post (86%)
[90m│[39m  - storybook:project-annotations-plugin (4%)
[90m│[39m  See ]8;;https://rolldown.rs/options/checks#plugintimingshttps://rolldown.rs/options/checks#plugintimings]8;; for more details.
[90m│[39m  [39m
[90m│[39m
[33m▲[39m  [43mVite[49m [33m[plugin builtin:vite-reporter]
[90m│[39m  (!) Some chunks are larger than 500 kB after minification. Consider:
[90m│[39m  - Using dynamic import() to code-split the application
[90m│[39m  - Use build.rolldownOptions.output.codeSplitting to improve chunking:
[90m│[39m  ]8;;https://rolldown.rs/reference/OutputOptions.codeSplittinghttps://rolldown.rs/reference/OutputOptions.codeSplitting]8;;
[90m│[39m  - Adjust chunk size limit for this warning via
[90m│[39m  build.chunkSizeWarningLimit.[39m
[90m│[39m  [43mVite[49m [32m✓ built in 3.29s[39m
[90m│[39m
[32m◇[39m  Output directory:
[90m│[39m  /private/var/folders/zs/b1whw6z55mgg1jn6t0gtytz00000gp/T/chromatic--86301-mn8XNJx2uzh9
[90m│[39m
[90m└[39m  Storybook build completed successfully

