[09:10:36.198] [INFO] [36mInitializing Storybook[39m
[09:10:37.714] [DEBUG] Getting package.json info for /Users/zaenal.aripin_mdp/Documents/GitHub/DS-Gpos-Lite-V2/package.json...
[09:10:37.714] [INFO] Package manager: npm
[09:10:37.715] [DEBUG] Getting CLI versions from NPM for storybook...
[09:10:37.715] [DEBUG] Executing command: npm info storybook version
[09:10:38.592] [INFO] Adding Storybook version 10.4.0 to your project
[09:10:38.592] [DEBUG] Executing command: npm config get min-release-age --workspaces=false --include-workspace-root
[09:10:38.760] [INFO] Installing Storybook for user specified project type: html
[09:10:38.761] [DEBUG] Using cached package.json for /Users/zaenal.aripin_mdp/Documents/GitHub/DS-Gpos-Lite-V2/package.json...
[09:10:38.761] [DEBUG] Using cached package.json for /Users/zaenal.aripin_mdp/Documents/GitHub/DS-Gpos-Lite-V2/package.json...
[09:12:11.214] [PROMPT] We were not able to detect the right builder for your project. Please select one: {"choice":"vite"}
[09:12:11.214] [INFO] Framework detected: html-vite
[09:12:11.218] [DEBUG] Getting installed version for vitest...
[09:12:11.228] [DEBUG] Executing command: npm ls --json --depth=99 2>/dev/null
[09:12:13.860] [DEBUG] Executing command: npm ls --json --depth=0 2>/dev/null
[09:12:14.195] [DEBUG] Error finding installations for vitest: ExecaError: Command failed with exit code 1: npm ls --json '--depth=0' '2>/dev/null'

{
  "version": "2.0.0",
  "name": "gpos-lite-design-system"
}
[09:12:14.195] [DEBUG] No installations found for vitest
[09:12:14.195] [DEBUG] Getting installed version for msw...
[09:12:14.195] [DEBUG] Executing command: npm ls --json --depth=99 2>/dev/null
[09:12:14.465] [DEBUG] Executing command: npm ls --json --depth=0 2>/dev/null
[09:12:14.732] [DEBUG] Error finding installations for msw: ExecaError: Command failed with exit code 1: npm ls --json '--depth=0' '2>/dev/null'

{
  "version": "2.0.0",
  "name": "gpos-lite-design-system"
}
[09:12:14.732] [DEBUG] No installations found for msw
[09:12:19.239] [PROMPT] New to Storybook? {"choice":true}
[09:12:19.242] [INFO] Storybook collects completely anonymous usage telemetry. We use it to shape Storybook's roadmap and prioritize features. You can learn more, including how to opt out, at https://storybook.js.org/telemetry
[09:12:21.327] [INFO] base-generator-task-start: Generating Storybook configuration
[09:12:21.327] [DEBUG] Using cached package.json for /Users/zaenal.aripin_mdp/Documents/GitHub/DS-Gpos-Lite-V2/package.json...
[09:12:21.328] [DEBUG] Using cached package.json for /Users/zaenal.aripin_mdp/Documents/GitHub/DS-Gpos-Lite-V2/package.json...
[09:12:21.328] [DEBUG] Using cached package.json for /Users/zaenal.aripin_mdp/Documents/GitHub/DS-Gpos-Lite-V2/package.json...
[09:12:21.328] [DEBUG] Using cached version for storybook...
[09:12:21.328] [DEBUG] Getting CLI versions from NPM for @storybook/html-vite...
[09:12:21.328] [DEBUG] Executing command: npm info @storybook/html-vite version
[09:12:21.333] [DEBUG] Getting CLI versions from NPM for @chromatic-com/storybook...
[09:12:21.333] [DEBUG] Executing command: npm info @chromatic-com/storybook version
[09:12:21.339] [DEBUG] Getting CLI versions from NPM for @storybook/addon-vitest...
[09:12:21.339] [DEBUG] Executing command: npm info @storybook/addon-vitest version
[09:12:21.341] [DEBUG] Getting CLI versions from NPM for @storybook/addon-a11y...
[09:12:21.341] [DEBUG] Executing command: npm info @storybook/addon-a11y version
[09:12:21.343] [DEBUG] Getting CLI versions from NPM for @storybook/addon-docs...
[09:12:21.343] [DEBUG] Executing command: npm info @storybook/addon-docs version
[09:12:27.698] [INFO] base-generator-task: - Configuring main.js
[09:12:27.699] [INFO] base-generator-task: - Configuring preview.js
[09:12:27.700] [INFO] base-generator-task: - Adding Storybook command to package.json
[09:12:27.702] [DEBUG] Getting package.json info for /Users/zaenal.aripin_mdp/Documents/GitHub/DS-Gpos-Lite-V2/package.json...
[09:12:27.702] [DEBUG] Using cached package.json for /Users/zaenal.aripin_mdp/Documents/GitHub/DS-Gpos-Lite-V2/package.json...
[09:12:27.702] [DEBUG] Using cached package.json for /Users/zaenal.aripin_mdp/Documents/GitHub/DS-Gpos-Lite-V2/package.json...
[09:12:27.703] [INFO] base-generator-task: - Copying framework templates
[09:12:27.741] [DEBUG] Executing command: npm config get registry --workspaces=false --include-workspace-root
[09:12:29.947] [INFO] base-generator-task-success: Storybook configuration generated
[09:12:29.948] [DEBUG] Using cached package.json for /Users/zaenal.aripin_mdp/Documents/GitHub/DS-Gpos-Lite-V2/package.json...
[09:12:29.948] [DEBUG] Using cached installed version for vitest...
[09:12:29.948] [DEBUG] Getting installed version for @vitest/coverage-v8...
[09:12:29.948] [DEBUG] Executing command: npm ls --json --depth=99 2>/dev/null
[09:12:30.265] [DEBUG] Executing command: npm ls --json --depth=0 2>/dev/null
[09:12:30.546] [DEBUG] Error finding installations for @vitest/coverage-v8: ExecaError: Command failed with exit code 1: npm ls --json '--depth=0' '2>/dev/null'

{
  "version": "2.0.0",
  "name": "gpos-lite-design-system"
}
[09:12:30.546] [DEBUG] No installations found for @vitest/coverage-v8
[09:12:30.546] [DEBUG] Getting installed version for @vitest/coverage-istanbul...
[09:12:30.546] [DEBUG] Executing command: npm ls --json --depth=99 2>/dev/null
[09:12:30.823] [DEBUG] Executing command: npm ls --json --depth=0 2>/dev/null
[09:12:31.105] [DEBUG] Error finding installations for @vitest/coverage-istanbul: ExecaError: Command failed with exit code 1: npm ls --json '--depth=0' '2>/dev/null'

{
  "version": "2.0.0",
  "name": "gpos-lite-design-system"
}
[09:12:31.105] [DEBUG] No installations found for @vitest/coverage-istanbul
[09:12:31.105] [INFO] adding-dependencies-task-start: Adding dependencies to package.json
[09:12:31.105] [INFO] adding-dependencies-task: Adding devDependencies:
- storybook@^10.4.0
- @storybook/html-vite@^10.4.0
- @chromatic-com/storybook@^5.2.1
- @storybook/addon-vitest@^10.4.0
- @storybook/addon-a11y@^10.4.0
- @storybook/addon-docs@^10.4.0
- vitest
- playwright
- @vitest/browser-playwright
- @vitest/coverage-v8
[09:12:31.105] [DEBUG] Using cached package.json for /Users/zaenal.aripin_mdp/Documents/GitHub/DS-Gpos-Lite-V2/package.json...
[09:12:31.105] [DEBUG] Using cached version for storybook...
[09:12:31.105] [DEBUG] Using cached version for @storybook/html-vite...
[09:12:31.105] [DEBUG] Using cached version for @chromatic-com/storybook...
[09:12:31.105] [DEBUG] Using cached version for @storybook/addon-vitest...
[09:12:31.105] [DEBUG] Using cached version for @storybook/addon-a11y...
[09:12:31.105] [DEBUG] Using cached version for @storybook/addon-docs...
[09:12:31.105] [DEBUG] Getting CLI versions from NPM for vitest...
[09:12:31.105] [DEBUG] Executing command: npm info vitest version
[09:12:31.703] [DEBUG] Getting CLI versions from NPM for playwright...
[09:12:31.703] [DEBUG] Executing command: npm info playwright version
[09:12:34.103] [DEBUG] Getting CLI versions from NPM for @vitest/browser-playwright...
[09:12:34.103] [DEBUG] Executing command: npm info @vitest/browser-playwright version
[09:12:35.049] [DEBUG] Getting CLI versions from NPM for @vitest/coverage-v8...
[09:12:35.049] [DEBUG] Executing command: npm info @vitest/coverage-v8 version
[09:12:37.440] [DEBUG] Using cached package.json for /Users/zaenal.aripin_mdp/Documents/GitHub/DS-Gpos-Lite-V2/package.json...
[09:12:37.445] [INFO] adding-dependencies-task-success: Dependencies added to package.json
[09:12:37.445] [INFO] Installing dependencies...
[09:12:37.446] [INFO] install-dependencies-spinner-start: Installing dependencies...
[09:12:37.446] [DEBUG] Executing command: npm install
[09:13:19.309] [INFO] Installing dependencies...: 
added 236 packages, and audited 237 packages in 42s


[09:13:19.309] [INFO] install-dependencies-spinner: Installing dependencies...: added 236 packages, and a
[09:13:19.310] [INFO] Installing dependencies...: 65 packages are looking for funding
  run `npm fund` for details

found 0 vulnerabilities

[09:13:19.310] [INFO] install-dependencies-spinner: Installing dependencies...: 65 packages are looking f
[09:13:19.337] [INFO] Dependencies installed
[09:13:19.337] [INFO] install-dependencies-spinner-stop: Dependencies installed
[09:13:19.341] [INFO] configure-addons-task-start: Configuring addons...
[09:13:19.343] [INFO] configure-addons-task: Configuring @chromatic-com/storybook...
[09:13:19.344] [INFO] configure-addons-task: @chromatic-com/storybook configured

[09:13:19.344] [INFO] configure-addons-task: Configuring @storybook/addon-vitest...
[09:13:19.346] [DEBUG] Getting package.json info for /Users/zaenal.aripin_mdp/Documents/GitHub/DS-Gpos-Lite-V2/package.json...
[09:13:19.346] [DEBUG] Using cached package.json for /Users/zaenal.aripin_mdp/Documents/GitHub/DS-Gpos-Lite-V2/package.json...
[09:13:19.346] [DEBUG] Getting installed version for vitest...
[09:13:19.346] [DEBUG] Executing command: npm ls --json --depth=99 2>/dev/null
[09:13:19.850] [DEBUG] Executing command: npm ls --json --depth=0 2>/dev/null
[09:13:21.762] [DEBUG] Error finding installations for vitest: ExecaError: Command failed with exit code 1: npm ls --json '--depth=0' '2>/dev/null'

{
  "version": "2.0.0",
  "name": "gpos-lite-design-system"
}
[09:13:21.762] [DEBUG] No installations found for vitest
[09:13:21.762] [DEBUG] Vitest version specifier: 4.1.7
[09:13:21.820] [DEBUG] {
  "data": {
    "location": ".storybook/main.js",
    "error": {}
  },
  "fromStorybook": true,
  "isHandledError": false,
  "subErrors": [],
  "category": "CORE-SERVER",
  "documentation": false,
  "code": 7,
  "_name": "MainFileEvaluationError"
}
[09:13:21.820] [INFO] configure-addons-task: Configuring @storybook/addon-a11y...
[09:13:21.820] [DEBUG] Executing command: npx storybook@10.4.0 automigrate addon-a11y-addon-test --loglevel silent --skip-doctor --yes --package-manager npm --config-dir .storybook
[09:13:40.926] [DEBUG] {
  "shortMessage": "Command failed with exit code 1: npx 'storybook@10.4.0' automigrate addon-a11y-addon-test --loglevel silent --skip-doctor --yes --package-manager npm --config-dir .storybook",
  "command": "npx storybook@10.4.0 automigrate addon-a11y-addon-test --loglevel silent --skip-doctor --yes --package-manager npm --config-dir .storybook",
  "escapedCommand": "npx 'storybook@10.4.0' automigrate addon-a11y-addon-test --loglevel silent --skip-doctor --yes --package-manager npm --config-dir .storybook",
  "cwd": "/Users/zaenal.aripin_mdp/Documents/GitHub/DS-Gpos-Lite-V2",
  "durationMs": 19106.195834,
  "failed": true,
  "timedOut": false,
  "isCanceled": false,
  "isGracefullyCanceled": false,
  "isTerminated": false,
  "isMaxBuffer": false,
  "isForcefullyTerminated": false,
  "exitCode": 1,
  "stdout": "",
  "stderr": "npm warn deprecated inflight@1.0.6: This module is not supported, and leaks memory. Do not use it. Check out lru-cache if you want a good and tested way to coalesce async requests by a key value, which is much more comprehensive and powerful.\nnpm warn deprecated glob@7.2.3: Old versions of glob are not supported, and contain widely publicized security vulnerabilities, which have been fixed in the current version. Please update. Support for old versions may be purchased (at exorbitant rates) by contacting i@izs.me\nnpm warn deprecated rimraf@2.6.3: Rimraf versions prior to v4 are no longer supported\n(node:11740) Warning: Failed to load the ES module: /Users/zaenal.aripin_mdp/Documents/GitHub/DS-Gpos-Lite-V2/.storybook/main.js. Make sure to set \"type\": \"module\" in the nearest package.json file or use the .mjs extension.\n(Use `node --trace-warnings ...` to show where the warning was created)\n(node:11740) Warning: Failed to load the ES module: /Users/zaenal.aripin_mdp/Documents/GitHub/DS-Gpos-Lite-V2/.storybook/main.js. Make sure to set \"type\": \"module\" in the nearest package.json file or use the .mjs extension.\n(node:11740) Warning: Failed to load the ES module: /Users/zaenal.aripin_mdp/Documents/GitHub/DS-Gpos-Lite-V2/.storybook/main.js. Make sure to set \"type\": \"module\" in the nearest package.json file or use the .mjs extension.\n(node:11740) Warning: Failed to load the ES module: /Users/zaenal.aripin_mdp/Documents/GitHub/DS-Gpos-Lite-V2/.storybook/main.js. Make sure to set \"type\": \"module\" in the nearest package.json file or use the .mjs extension.",
  "stdio": [
    null,
    "",
    "npm warn deprecated inflight@1.0.6: This module is not supported, and leaks memory. Do not use it. Check out lru-cache if you want a good and tested way to coalesce async requests by a key value, which is much more comprehensive and powerful.\nnpm warn deprecated glob@7.2.3: Old versions of glob are not supported, and contain widely publicized security vulnerabilities, which have been fixed in the current version. Please update. Support for old versions may be purchased (at exorbitant rates) by contacting i@izs.me\nnpm warn deprecated rimraf@2.6.3: Rimraf versions prior to v4 are no longer supported\n(node:11740) Warning: Failed to load the ES module: /Users/zaenal.aripin_mdp/Documents/GitHub/DS-Gpos-Lite-V2/.storybook/main.js. Make sure to set \"type\": \"module\" in the nearest package.json file or use the .mjs extension.\n(Use `node --trace-warnings ...` to show where the warning was created)\n(node:11740) Warning: Failed to load the ES module: /Users/zaenal.aripin_mdp/Documents/GitHub/DS-Gpos-Lite-V2/.storybook/main.js. Make sure to set \"type\": \"module\" in the nearest package.json file or use the .mjs extension.\n(node:11740) Warning: Failed to load the ES module: /Users/zaenal.aripin_mdp/Documents/GitHub/DS-Gpos-Lite-V2/.storybook/main.js. Make sure to set \"type\": \"module\" in the nearest package.json file or use the .mjs extension.\n(node:11740) Warning: Failed to load the ES module: /Users/zaenal.aripin_mdp/Documents/GitHub/DS-Gpos-Lite-V2/.storybook/main.js. Make sure to set \"type\": \"module\" in the nearest package.json file or use the .mjs extension."
  ],
  "ipcOutput": [],
  "pipedFrom": []
}
[09:13:40.927] [INFO] configure-addons-task: Configuring @storybook/addon-docs...
[09:13:40.932] [INFO] configure-addons-task: @storybook/addon-docs configured

[09:13:40.932] [ERROR] configure-addons-task-error: Failed to configure addons
[09:13:40.932] [INFO] [2m✅ @chromatic-com/storybook[22m
[09:13:40.934] [INFO] [2m❌ @storybook/addon-vitest[22m
[09:13:40.934] [INFO] [2m❌ @storybook/addon-a11y[22m
[09:13:40.934] [INFO] [2m✅ @storybook/addon-docs[22m
[09:13:40.935] [INFO] Playwright browser binaries are necessary for @storybook/addon-vitest. The download can take some time. If you don't want to wait, you can skip the installation and run the following command manually later:
[36mnpx playwright install chromium --with-deps[39m
[09:14:10.711] [PROMPT] Do you want to install Playwright with Chromium now? {"choice":true}
[09:14:10.712] [INFO] Installing Playwright browser binaries (press "c" to abort)
[09:14:10.721] [INFO] playwright-installation-spinner-start: Installing Playwright browser binaries (press "c" to abort)
[09:14:10.728] [DEBUG] Executing command: npx playwright install chromium --with-deps
[09:14:14.449] [INFO] Installing Playwright browser binaries (press "c" to abort): Downloading Chrome for Testing 148.0.7778.96 (playwright chromium v1223)[2m from https://cdn.playwright.dev/builds/cft/148.0.7778.96/mac-arm64/chrome-mac-arm64.zip[22m

[09:14:14.449] [INFO] playwright-installation-spinner: Installing Playwright browser binaries (press "c" to abort): Downloading Chrome for Te
[09:14:15.058] [INFO] Installing Playwright browser binaries (press "c" to abort): |                                                                                |   0% of 169.2 MiB

[09:14:15.058] [INFO] playwright-installation-spinner: Installing Playwright browser binaries (press "c" to abort): |                        
[09:14:17.371] [INFO] Installing Playwright browser binaries (press "c" to abort): |■■■■■■■■                                                                        |  10% of 169.2 MiB

[09:14:17.371] [INFO] playwright-installation-spinner: Installing Playwright browser binaries (press "c" to abort): |■■■■■■■■                
[09:14:18.864] [INFO] Installing Playwright browser binaries (press "c" to abort): |■■■■■■■■■■■■■■■■                                                                |  20% of 169.2 MiB

[09:14:18.864] [INFO] playwright-installation-spinner: Installing Playwright browser binaries (press "c" to abort): |■■■■■■■■■■■■■■■■        
[09:14:20.490] [INFO] Installing Playwright browser binaries (press "c" to abort): |■■■■■■■■■■■■■■■■■■■■■■■■                                                        |  30% of 169.2 MiB

[09:14:20.490] [INFO] playwright-installation-spinner: Installing Playwright browser binaries (press "c" to abort): |■■■■■■■■■■■■■■■■■■■■■■■■
[09:14:22.426] [INFO] Installing Playwright browser binaries (press "c" to abort): |■■■■■■■■■■■■■■■■■■■■■■■■■■■■■■■■                                                |  40% of 169.2 MiB

[09:14:22.426] [INFO] playwright-installation-spinner: Installing Playwright browser binaries (press "c" to abort): |■■■■■■■■■■■■■■■■■■■■■■■■
[09:14:24.376] [INFO] Installing Playwright browser binaries (press "c" to abort): |■■■■■■■■■■■■■■■■■■■■■■■■■■■■■■■■■■■■■■■■                                        |  50% of 169.2 MiB

[09:14:24.376] [INFO] playwright-installation-spinner: Installing Playwright browser binaries (press "c" to abort): |■■■■■■■■■■■■■■■■■■■■■■■■
[09:14:26.002] [INFO] Installing Playwright browser binaries (press "c" to abort): |■■■■■■■■■■■■■■■■■■■■■■■■■■■■■■■■■■■■■■■■■■■■■■■■                                |  60% of 169.2 MiB

[09:14:26.002] [INFO] playwright-installation-spinner: Installing Playwright browser binaries (press "c" to abort): |■■■■■■■■■■■■■■■■■■■■■■■■
[09:14:27.985] [INFO] Installing Playwright browser binaries (press "c" to abort): |■■■■■■■■■■■■■■■■■■■■■■■■■■■■■■■■■■■■■■■■■■■■■■■■■■■■■■■■                        |  70% of 169.2 MiB

[09:14:27.985] [INFO] playwright-installation-spinner: Installing Playwright browser binaries (press "c" to abort): |■■■■■■■■■■■■■■■■■■■■■■■■
[09:14:30.166] [INFO] Installing Playwright browser binaries (press "c" to abort): |■■■■■■■■■■■■■■■■■■■■■■■■■■■■■■■■■■■■■■■■■■■■■■■■■■■■■■■■■■■■■■■■                |  80% of 169.2 MiB

[09:14:30.166] [INFO] playwright-installation-spinner: Installing Playwright browser binaries (press "c" to abort): |■■■■■■■■■■■■■■■■■■■■■■■■
[09:14:32.511] [INFO] Installing Playwright browser binaries (press "c" to abort): |■■■■■■■■■■■■■■■■■■■■■■■■■■■■■■■■■■■■■■■■■■■■■■■■■■■■■■■■■■■■■■■■■■■■■■■■        |  90% of 169.2 MiB

[09:14:32.511] [INFO] playwright-installation-spinner: Installing Playwright browser binaries (press "c" to abort): |■■■■■■■■■■■■■■■■■■■■■■■■
[09:14:34.669] [INFO] Installing Playwright browser binaries (press "c" to abort): |■■■■■■■■■■■■■■■■■■■■■■■■■■■■■■■■■■■■■■■■■■■■■■■■■■■■■■■■■■■■■■■■■■■■■■■■■■■■■■■■| 100% of 169.2 MiB

[09:14:34.669] [INFO] playwright-installation-spinner: Installing Playwright browser binaries (press "c" to abort): |■■■■■■■■■■■■■■■■■■■■■■■■
[09:14:36.301] [INFO] Installing Playwright browser binaries (press "c" to abort): Chrome for Testing 148.0.7778.96 (playwright chromium v1223) downloaded to /Users/zaenal.aripin_mdp/Library/Caches/ms-playwright/chromium-1223

[09:14:36.301] [INFO] playwright-installation-spinner: Installing Playwright browser binaries (press "c" to abort): Chrome for Testing 148.0.
[09:14:36.302] [INFO] Installing Playwright browser binaries (press "c" to abort): Downloading FFmpeg (playwright ffmpeg v1011)[2m from https://cdn.playwright.dev/dbazure/download/playwright/builds/ffmpeg/1011/ffmpeg-mac-arm64.zip[22m

[09:14:36.302] [INFO] playwright-installation-spinner: Installing Playwright browser binaries (press "c" to abort): Downloading FFmpeg (playw
[09:15:54.152] [INFO] Installing Playwright browser binaries (press "c" to abort): Downloading FFmpeg (playwright ffmpeg v1011)[2m from https://playwright.download.prss.microsoft.com/dbazure/download/playwright/builds/ffmpeg/1011/ffmpeg-mac-arm64.zip[22m

[09:15:54.152] [INFO] playwright-installation-spinner: Installing Playwright browser binaries (press "c" to abort): Downloading FFmpeg (playw
[09:17:12.259] [INFO] Installing Playwright browser binaries (press "c" to abort): Downloading FFmpeg (playwright ffmpeg v1011)[2m from https://cdn.playwright.dev/builds/ffmpeg/1011/ffmpeg-mac-arm64.zip[22m

[09:17:12.259] [INFO] playwright-installation-spinner: Installing Playwright browser binaries (press "c" to abort): Downloading FFmpeg (playw
[09:17:15.795] [INFO] Installing Playwright browser binaries (press "c" to abort): |                                                                                |   1% of 1 MiB

[09:17:15.795] [INFO] playwright-installation-spinner: Installing Playwright browser binaries (press "c" to abort): |                        
[09:17:16.035] [INFO] Installing Playwright browser binaries (press "c" to abort): |■■■■■■■■                                                                        |  10% of 1 MiB

[09:17:16.035] [INFO] playwright-installation-spinner: Installing Playwright browser binaries (press "c" to abort): |■■■■■■■■                
[09:17:16.199] [INFO] Installing Playwright browser binaries (press "c" to abort): |■■■■■■■■■■■■■■■■                                                                |  20% of 1 MiB

[09:17:16.199] [INFO] playwright-installation-spinner: Installing Playwright browser binaries (press "c" to abort): |■■■■■■■■■■■■■■■■        
[09:17:16.328] [INFO] Installing Playwright browser binaries (press "c" to abort): |■■■■■■■■■■■■■■■■■■■■■■■■                                                        |  31% of 1 MiB

[09:17:16.328] [INFO] playwright-installation-spinner: Installing Playwright browser binaries (press "c" to abort): |■■■■■■■■■■■■■■■■■■■■■■■■
[09:17:16.394] [INFO] Installing Playwright browser binaries (press "c" to abort): |■■■■■■■■■■■■■■■■■■■■■■■■■■■■■■■■                                                |  40% of 1 MiB

[09:17:16.394] [INFO] playwright-installation-spinner: Installing Playwright browser binaries (press "c" to abort): |■■■■■■■■■■■■■■■■■■■■■■■■
[09:17:16.496] [INFO] Installing Playwright browser binaries (press "c" to abort): |■■■■■■■■■■■■■■■■■■■■■■■■■■■■■■■■■■■■■■■■                                        |  50% of 1 MiB

[09:17:16.496] [INFO] playwright-installation-spinner: Installing Playwright browser binaries (press "c" to abort): |■■■■■■■■■■■■■■■■■■■■■■■■
[09:17:16.644] [INFO] Installing Playwright browser binaries (press "c" to abort): |■■■■■■■■■■■■■■■■■■■■■■■■■■■■■■■■■■■■■■■■■■■■■■■■                                |  61% of 1 MiB

[09:17:16.644] [INFO] playwright-installation-spinner: Installing Playwright browser binaries (press "c" to abort): |■■■■■■■■■■■■■■■■■■■■■■■■
[09:17:16.701] [INFO] Installing Playwright browser binaries (press "c" to abort): |■■■■■■■■■■■■■■■■■■■■■■■■■■■■■■■■■■■■■■■■■■■■■■■■■■■■■■■■                        |  70% of 1 MiB

[09:17:16.701] [INFO] playwright-installation-spinner: Installing Playwright browser binaries (press "c" to abort): |■■■■■■■■■■■■■■■■■■■■■■■■
[09:17:16.769] [INFO] Installing Playwright browser binaries (press "c" to abort): |■■■■■■■■■■■■■■■■■■■■■■■■■■■■■■■■■■■■■■■■■■■■■■■■■■■■■■■■■■■■■■■■                |  80% of 1 MiB

[09:17:16.769] [INFO] playwright-installation-spinner: Installing Playwright browser binaries (press "c" to abort): |■■■■■■■■■■■■■■■■■■■■■■■■
[09:17:16.892] [INFO] Installing Playwright browser binaries (press "c" to abort): |■■■■■■■■■■■■■■■■■■■■■■■■■■■■■■■■■■■■■■■■■■■■■■■■■■■■■■■■■■■■■■■■■■■■■■■■        |  91% of 1 MiB

[09:17:16.892] [INFO] playwright-installation-spinner: Installing Playwright browser binaries (press "c" to abort): |■■■■■■■■■■■■■■■■■■■■■■■■
[09:17:16.972] [INFO] Installing Playwright browser binaries (press "c" to abort): |■■■■■■■■■■■■■■■■■■■■■■■■■■■■■■■■■■■■■■■■■■■■■■■■■■■■■■■■■■■■■■■■■■■■■■■■■■■■■■■■| 100% of 1 MiB

[09:17:16.972] [INFO] playwright-installation-spinner: Installing Playwright browser binaries (press "c" to abort): |■■■■■■■■■■■■■■■■■■■■■■■■
[09:17:17.003] [INFO] Installing Playwright browser binaries (press "c" to abort): FFmpeg (playwright ffmpeg v1011) downloaded to /Users/zaenal.aripin_mdp/Library/Caches/ms-playwright/ffmpeg-1011

[09:17:17.003] [INFO] playwright-installation-spinner: Installing Playwright browser binaries (press "c" to abort): FFmpeg (playwright ffmpeg
[09:17:17.004] [INFO] Installing Playwright browser binaries (press "c" to abort): Downloading Chrome Headless Shell 148.0.7778.96 (playwright chromium-headless-shell v1223)[2m from https://cdn.playwright.dev/builds/cft/148.0.7778.96/mac-arm64/chrome-headless-shell-mac-arm64.zip[22m

[09:17:17.004] [INFO] playwright-installation-spinner: Installing Playwright browser binaries (press "c" to abort): Downloading Chrome Headle
[09:17:19.455] [INFO] Installing Playwright browser binaries (press "c" to abort): |                                                                                |   0% of 92.4 MiB

[09:17:19.455] [INFO] playwright-installation-spinner: Installing Playwright browser binaries (press "c" to abort): |                        
[09:17:22.125] [INFO] Installing Playwright browser binaries (press "c" to abort): |■■■■■■■■                                                                        |  10% of 92.4 MiB

[09:17:22.125] [INFO] playwright-installation-spinner: Installing Playwright browser binaries (press "c" to abort): |■■■■■■■■                
[09:17:23.553] [INFO] Installing Playwright browser binaries (press "c" to abort): |■■■■■■■■■■■■■■■■                                                                |  20% of 92.4 MiB

[09:17:23.553] [INFO] playwright-installation-spinner: Installing Playwright browser binaries (press "c" to abort): |■■■■■■■■■■■■■■■■        
[09:17:25.090] [INFO] Installing Playwright browser binaries (press "c" to abort): |■■■■■■■■■■■■■■■■■■■■■■■■                                                        |  30% of 92.4 MiB

[09:17:25.090] [INFO] playwright-installation-spinner: Installing Playwright browser binaries (press "c" to abort): |■■■■■■■■■■■■■■■■■■■■■■■■
[09:17:26.097] [INFO] Installing Playwright browser binaries (press "c" to abort): |■■■■■■■■■■■■■■■■■■■■■■■■■■■■■■■■                                                |  40% of 92.4 MiB

[09:17:26.097] [INFO] playwright-installation-spinner: Installing Playwright browser binaries (press "c" to abort): |■■■■■■■■■■■■■■■■■■■■■■■■
[09:17:27.209] [INFO] Installing Playwright browser binaries (press "c" to abort): |■■■■■■■■■■■■■■■■■■■■■■■■■■■■■■■■■■■■■■■■                                        |  50% of 92.4 MiB

[09:17:27.209] [INFO] playwright-installation-spinner: Installing Playwright browser binaries (press "c" to abort): |■■■■■■■■■■■■■■■■■■■■■■■■
[09:17:28.359] [INFO] Installing Playwright browser binaries (press "c" to abort): |■■■■■■■■■■■■■■■■■■■■■■■■■■■■■■■■■■■■■■■■■■■■■■■■                                |  60% of 92.4 MiB

[09:17:28.359] [INFO] playwright-installation-spinner: Installing Playwright browser binaries (press "c" to abort): |■■■■■■■■■■■■■■■■■■■■■■■■
[09:17:29.414] [INFO] Installing Playwright browser binaries (press "c" to abort): |■■■■■■■■■■■■■■■■■■■■■■■■■■■■■■■■■■■■■■■■■■■■■■■■■■■■■■■■                        |  70% of 92.4 MiB

[09:17:29.414] [INFO] playwright-installation-spinner: Installing Playwright browser binaries (press "c" to abort): |■■■■■■■■■■■■■■■■■■■■■■■■
[09:17:31.124] [INFO] Installing Playwright browser binaries (press "c" to abort): |■■■■■■■■■■■■■■■■■■■■■■■■■■■■■■■■■■■■■■■■■■■■■■■■■■■■■■■■■■■■■■■■                |  80% of 92.4 MiB

[09:17:31.124] [INFO] playwright-installation-spinner: Installing Playwright browser binaries (press "c" to abort): |■■■■■■■■■■■■■■■■■■■■■■■■
[09:17:32.478] [INFO] Installing Playwright browser binaries (press "c" to abort): |■■■■■■■■■■■■■■■■■■■■■■■■■■■■■■■■■■■■■■■■■■■■■■■■■■■■■■■■■■■■■■■■■■■■■■■■        |  90% of 92.4 MiB

[09:17:32.478] [INFO] playwright-installation-spinner: Installing Playwright browser binaries (press "c" to abort): |■■■■■■■■■■■■■■■■■■■■■■■■
[09:17:33.678] [INFO] Installing Playwright browser binaries (press "c" to abort): |■■■■■■■■■■■■■■■■■■■■■■■■■■■■■■■■■■■■■■■■■■■■■■■■■■■■■■■■■■■■■■■■■■■■■■■■■■■■■■■■| 100% of 92.4 MiB

[09:17:33.678] [INFO] playwright-installation-spinner: Installing Playwright browser binaries (press "c" to abort): |■■■■■■■■■■■■■■■■■■■■■■■■
[09:17:34.618] [INFO] Installing Playwright browser binaries (press "c" to abort): Chrome Headless Shell 148.0.7778.96 (playwright chromium-headless-shell v1223) downloaded to /Users/zaenal.aripin_mdp/Library/Caches/ms-playwright/chromium_headless_shell-1223

[09:17:34.618] [INFO] playwright-installation-spinner: Installing Playwright browser binaries (press "c" to abort): Chrome Headless Shell 148
[09:17:34.687] [INFO] Playwright browser binaries installed successfully
[09:17:34.687] [INFO] playwright-installation-spinner-stop: Playwright browser binaries installed successfully
[09:17:36.480] [WARN] Storybook setup completed, but some non-blocking errors occurred. Please check the log file below for details.
[09:17:36.483] [INFO] To run Storybook, run [36mnpm run storybook[39m. CTRL+C to stop.
[09:17:36.484] [INFO] Want to learn more about Storybook? [36mhttps://storybook.js.org/[39m
Having trouble or want to chat? [36mhttps://discord.gg/storybook/[39m